{
  "RSpec": {
    "coverage": {
      "/Users/michaelgraham/apps/crispy/app/controllers/application_controller.rb": [
        1,
        1,
        null,
        1,
        null,
        1,
        null,
        1,
        null,
        1,
        null,
        1,
        1,
        1,
        null,
        null,
        1,
        0,
        0,
        null,
        null,
        1,
        null,
        25,
        null,
        null,
        1,
        58,
        null,
        null
      ],
      "/Users/michaelgraham/apps/crispy/app/helpers/application_helper.rb": [
        1,
        1,
        0,
        null,
        null,
        1,
        0,
        null,
        null,
        1,
        33,
        33,
        33,
        0,
        0,
        null,
        0,
        null,
        null,
        null,
        33,
        33,
        33,
        null,
        null,
        null
      ],
      "/Users/michaelgraham/apps/crispy/app/helpers/custom_target_submissions_helper.rb": [
        1,
        null
      ],
      "/Users/michaelgraham/apps/crispy/app/helpers/genes_helper.rb": [
        1,
        null
      ],
      "/Users/michaelgraham/apps/crispy/app/helpers/offsite_searches_controller_helper.rb": [
        1,
        null
      ],
      "/Users/michaelgraham/apps/crispy/app/helpers/results_helper.rb": [
        1,
        null,
        1,
        5,
        5,
        5,
        5,
        115,
        115,
        null,
        0,
        null,
        null,
        null,
        5,
        null,
        null,
        null
      ],
      "/Users/michaelgraham/apps/crispy/app/helpers/strains_helper.rb": [
        1,
        null
      ],
      "/Users/michaelgraham/apps/crispy/app/helpers/submission_helper.rb": [
        1,
        null,
        1,
        102,
        102,
        102,
        102,
        null,
        0,
        null,
        null,
        null,
        1,
        0,
        null,
        null
      ],
      "/Users/michaelgraham/apps/crispy/app/helpers/tools_helper.rb": [
        1,
        null
      ],
      "/Users/michaelgraham/apps/crispy/app/models/user.rb": [
        null,
        null,
        null,
        null,
        null,
        null,
        null,
        null,
        null,
        null,
        null,
        null,
        null,
        null,
        null,
        null,
        null,
        null,
        null,
        null,
        null,
        null,
        null,
        null,
        null,
        null,
        null,
        null,
        null,
        null,
        1,
        1,
        1,
        null,
        1,
        1,
        null,
        1,
        1,
        1,
        1,
        null,
        1,
        59,
        null,
        null,
        null,
        null,
        1,
        null
      ],
      "/Users/michaelgraham/apps/crispy/app/models/application_record.rb": [
        1,
        1,
        null
      ],
      "/Users/michaelgraham/apps/crispy/app/models/custom_target_submission.rb": [
        null,
        null,
        null,
        null,
        null,
        null,
        null,
        null,
        null,
        null,
        null,
        null,
        null,
        null,
        null,
        null,
        1,
        1,
        null,
        1,
        8,
        4,
        null,
        null,
        null
      ],
      "/Users/michaelgraham/apps/crispy/app/models/gene.rb": [
        null,
        null,
        null,
        null,
        null,
        null,
        null,
        null,
        null,
        null,
        null,
        null,
        null,
        null,
        null,
        null,
        null,
        null,
        null,
        1,
        1,
        1,
        1,
        1,
        1,
        null
      ],
      "/Users/michaelgraham/apps/crispy/app/models/offsite_search.rb": [
        null,
        null,
        null,
        null,
        null,
        null,
        null,
        null,
        null,
        null,
        null,
        null,
        1,
        1,
        1,
        null,
        1,
        3,
        2,
        null,
        null,
        null
      ],
      "/Users/michaelgraham/apps/crispy/app/models/result.rb": [
        null,
        null,
        null,
        null,
        null,
        null,
        null,
        null,
        null,
        null,
        null,
        null,
        null,
        null,
        null,
        null,
        null,
        null,
        null,
        null,
        null,
        null,
        null,
        null,
        null,
        null,
        null,
        null,
        null,
        null,
        null,
        null,
        null,
        1,
        1,
        1,
        null,
        null,
        1,
        1,
        null,
        null,
        1,
        1,
        1,
        1,
        1,
        null,
        0,
        null,
        null,
        null,
        null,
        1,
        null,
        null,
        null,
        null,
        null,
        null,
        null,
        null
      ],
      "/Users/michaelgraham/apps/crispy/app/models/strain.rb": [
        null,
        null,
        null,
        null,
        null,
        null,
        null,
        null,
        null,
        null,
        null,
        null,
        1,
        1,
        1,
        null
      ],
      "/Users/michaelgraham/apps/crispy/app/models/submission.rb": [
        null,
        null,
        null,
        null,
        null,
        null,
        null,
        null,
        null,
        null,
        null,
        null,
        null,
        null,
        null,
        1,
        1,
        null,
        1,
        null,
        1,
        1,
        1,
        1,
        null,
        1,
        18,
        6,
        null,
        null,
        null,
        null,
        null,
        null,
        null
      ],
      "/Users/michaelgraham/apps/crispy/app/models/offsite_hit.rb": [
        null,
        null,
        null,
        null,
        null,
        null,
        null,
        null,
        null,
        null,
        null,
        null,
        null,
        null,
        null,
        null,
        1,
        null
      ],
      "/Users/michaelgraham/apps/crispy/app/models/target.rb": [
        null,
        null,
        null,
        null,
        null,
        null,
        null,
        null,
        null,
        null,
        null,
        1,
        null
      ],
      "/Users/michaelgraham/apps/crispy/app/controllers/submissions_controller.rb": [
        1,
        1,
        1,
        1,
        null,
        1,
        35,
        35,
        35,
        35,
        35,
        35,
        null,
        null,
        1,
        5,
        null,
        5,
        1,
        1,
        1,
        null,
        null,
        null,
        null,
        null,
        5,
        5,
        null,
        null,
        1,
        3,
        3,
        3,
        3,
        3,
        3,
        3,
        3,
        3,
        null,
        3,
        3,
        null,
        3,
        3,
        102,
        66,
        66,
        null,
        null,
        null,
        3,
        3,
        102,
        36,
        36,
        null,
        null,
        null,
        null,
        3,
        null,
        null,
        1,
        3,
        3,
        null,
        null,
        null,
        3,
        3,
        3,
        0,
        null,
        3,
        null,
        null,
        3,
        3,
        3,
        null,
        null,
        null,
        null,
        null,
        null,
        null,
        null,
        null,
        3,
        3,
        3,
        null,
        0,
        0,
        null,
        null,
        null,
        1,
        1,
        1,
        2,
        1,
        null,
        null,
        null,
        1,
        null,
        1,
        56,
        null,
        null,
        1,
        8,
        null,
        null,
        1,
        4,
        null,
        null,
        1,
        6,
        null,
        null,
        null
      ],
      "/Users/michaelgraham/apps/crispy/app/policies/submission_policy.rb": [
        1,
        1,
        1,
        0,
        null,
        null,
        null,
        1,
        5,
        null,
        null,
        1,
        3,
        null,
        null,
        1,
        38,
        null,
        null,
        1,
        0,
        null,
        null,
        1,
        3,
        null,
        null,
        1,
        0,
        null,
        null,
        1,
        12,
        null,
        null,
        1,
        0,
        null,
        null
      ],
      "/Users/michaelgraham/apps/crispy/app/policies/application_policy.rb": [
        1,
        1,
        null,
        1,
        95,
        95,
        null,
        null,
        1,
        0,
        null,
        null,
        1,
        0,
        null,
        null,
        1,
        0,
        null,
        null,
        1,
        0,
        null,
        null,
        1,
        0,
        null,
        null,
        1,
        0,
        null,
        null,
        1,
        0,
        null,
        null,
        1,
        0,
        null,
        null,
        1,
        1,
        null,
        1,
        0,
        0,
        null,
        null,
        1,
        0,
        null,
        null,
        null
      ],
      "/Users/michaelgraham/apps/crispy/app/controllers/custom_target_submissions_controller.rb": [
        1,
        1,
        1,
        1,
        null,
        null,
        1,
        5,
        5,
        null,
        5,
        null,
        1,
        null,
        null,
        null,
        null,
        null,
        5,
        null,
        null,
        null,
        1,
        2,
        2,
        2,
        2,
        null,
        2,
        2,
        2,
        2,
        null,
        null,
        null,
        2,
        2,
        2,
        2,
        null,
        null,
        2,
        null,
        null,
        2,
        2,
        624,
        624,
        624,
        132,
        132,
        null,
        null,
        null,
        2,
        2,
        624,
        624,
        624,
        492,
        492,
        null,
        null,
        null,
        null,
        null,
        2,
        2,
        null,
        null,
        null,
        1,
        2,
        2,
        2,
        null,
        2,
        0,
        0,
        null,
        null,
        2,
        2,
        2,
        null,
        null,
        null,
        null,
        null,
        null,
        null,
        null,
        null,
        null,
        2,
        2,
        2,
        null,
        0,
        0,
        null,
        null,
        null,
        null,
        1,
        1,
        1,
        1,
        2,
        1,
        null,
        null,
        null,
        1,
        null,
        1,
        27,
        null,
        null,
        1,
        7,
        null,
        null,
        1,
        3,
        null,
        null,
        1,
        2,
        null,
        null,
        null,
        null
      ],
      "/Users/michaelgraham/apps/crispy/app/policies/custom_target_submission_policy.rb": [
        1,
        1,
        1,
        0,
        null,
        null,
        null,
        1,
        5,
        null,
        null,
        1,
        2,
        null,
        null,
        1,
        2,
        null,
        null,
        1,
        0,
        null,
        null,
        1,
        2,
        null,
        null,
        1,
        0,
        null,
        null,
        1,
        11,
        null,
        null,
        1,
        0,
        null,
        null
      ],
      "/Users/michaelgraham/apps/crispy/app/services/crispy_service.rb": [
        1,
        1,
        6,
        3,
        3,
        3,
        3,
        3,
        3,
        3,
        null,
        3,
        3,
        3,
        null,
        3,
        3,
        3,
        102,
        102,
        null,
        null,
        3,
        null,
        102,
        102,
        null,
        102,
        null,
        3,
        1,
        1,
        1,
        1,
        1,
        1,
        1,
        1,
        null,
        1,
        4,
        4,
        4,
        null,
        null,
        2,
        2,
        2,
        2,
        2,
        2,
        2,
        2,
        2,
        2,
        2,
        2,
        2,
        2,
        null,
        2,
        624,
        null,
        109,
        null,
        null,
        null,
        515,
        null,
        515,
        null,
        515,
        515,
        null,
        null,
        null,
        null,
        null,
        null
      ],
      "/Users/michaelgraham/apps/crispy/app/controllers/genes_controller.rb": [
        1,
        1,
        1,
        null,
        1,
        1,
        1,
        null,
        null,
        1,
        0,
        null,
        null,
        1,
        0,
        null,
        null,
        null,
        0,
        0,
        0,
        null,
        0,
        0,
        null,
        0,
        0,
        null,
        null,
        null,
        null,
        1,
        0,
        null,
        null,
        1,
        0,
        null,
        null,
        null
      ],
      "/Users/michaelgraham/apps/crispy/app/policies/gene_policy.rb": [
        1,
        1,
        1,
        0,
        null,
        null,
        null,
        1,
        3,
        null,
        null,
        1,
        1,
        null,
        null,
        1,
        2,
        null,
        null,
        1,
        2,
        null,
        null,
        1,
        1,
        null,
        null,
        1,
        1,
        null,
        null,
        1,
        1,
        null,
        null,
        1,
        1,
        null,
        null
      ],
      "/Users/michaelgraham/apps/crispy/app/controllers/offsite_searches_controller.rb": [
        1,
        null,
        1,
        1,
        1,
        1,
        1,
        1,
        1,
        1,
        null,
        1,
        1,
        4,
        1,
        1,
        null,
        null,
        null,
        1,
        1,
        4,
        3,
        3,
        3,
        null,
        null,
        null,
        null,
        0,
        0,
        0,
        null,
        null,
        null,
        null,
        1,
        null,
        1,
        1,
        0,
        0,
        null,
        null,
        1,
        1,
        1,
        null,
        null,
        null,
        null,
        null,
        null,
        null,
        1,
        1,
        1,
        null,
        0,
        0,
        null,
        null,
        null,
        null,
        1,
        null,
        1,
        0,
        null,
        null,
        1,
        1,
        null,
        null,
        null
      ],
      "/Users/michaelgraham/apps/crispy/app/controllers/results_controller.rb": [
        1,
        1,
        5,
        5,
        5,
        5,
        null,
        5,
        0,
        null,
        5,
        null,
        5,
        null,
        5,
        0,
        0,
        null,
        null,
        5,
        null,
        null,
        1,
        null,
        1,
        1,
        1,
        1,
        null,
        null,
        1,
        1,
        1,
        1,
        1,
        null,
        null,
        1,
        null,
        1,
        1,
        1,
        1,
        null,
        1,
        1,
        2,
        null,
        null,
        null,
        1,
        null,
        null,
        null,
        1,
        null,
        1,
        0,
        null,
        null,
        1,
        0,
        null,
        null,
        null,
        null,
        null
      ],
      "/Users/michaelgraham/apps/crispy/app/controllers/strains_controller.rb": [
        1,
        null,
        1,
        1,
        null,
        null,
        1,
        null,
        1,
        0,
        null,
        null,
        1,
        0,
        null,
        null
      ],
      "/Users/michaelgraham/apps/crispy/app/controllers/pages_controller.rb": [
        1,
        1,
        null
      ],
      "/Users/michaelgraham/apps/crispy/app/policies/strain_policy.rb": [
        1,
        1,
        1,
        0,
        null,
        null,
        null,
        1,
        2,
        null,
        null,
        1,
        1,
        null,
        null,
        1,
        2,
        null,
        null,
        1,
        2,
        null,
        null,
        1,
        1,
        null,
        null,
        1,
        1,
        null,
        null,
        1,
        1,
        null,
        null,
        1,
        1,
        null,
        null
      ],
      "/Users/michaelgraham/apps/crispy/app/controllers/users_controller.rb": [
        1,
        1,
        1,
        1,
        null,
        1,
        6,
        null,
        null,
        1,
        null,
        1,
        1,
        1,
        null,
        0,
        null,
        null,
        null,
        1,
        1,
        1,
        null,
        null,
        1,
        0,
        0,
        null,
        0,
        null,
        0,
        0,
        null,
        null,
        null,
        1,
        null,
        1,
        3,
        null,
        null,
        1,
        1,
        null,
        null
      ],
      "/Users/michaelgraham/apps/crispy/app/policies/user_policy.rb": [
        1,
        1,
        null,
        1,
        28,
        28,
        null,
        null,
        1,
        13,
        null,
        null,
        1,
        1,
        null,
        null,
        1,
        0,
        null,
        null,
        1,
        12,
        null,
        null,
        1,
        13,
        7,
        null,
        null,
        1,
        0,
        null,
        null
      ],
      "/Users/michaelgraham/apps/crispy/app/models/message.rb": [
        null,
        1,
        null,
        1,
        1,
        1,
        null,
        1,
        null,
        1,
        1,
        null
      ],
      "/Users/michaelgraham/apps/crispy/app/controllers/messages_controller.rb": [
        1,
        1,
        0,
        null,
        null,
        1,
        1,
        null,
        1,
        1,
        1,
        null,
        0,
        null,
        null,
        1,
        null,
        null,
        1,
        null,
        1,
        1,
        null,
        null
      ],
      "/Users/michaelgraham/apps/crispy/app/mailers/message_mailer.rb": [
        1,
        null,
        1,
        1,
        null,
        1,
        null,
        null
      ],
      "/Users/michaelgraham/apps/crispy/app/mailers/application_mailer.rb": [
        1,
        1,
        1,
        1,
        null
      ],
      "/Users/michaelgraham/apps/crispy/app/channels/application_cable/channel.rb": [
        0,
        0,
        0,
        0
      ],
      "/Users/michaelgraham/apps/crispy/app/channels/application_cable/connection.rb": [
        0,
        0,
        0,
        0
      ],
      "/Users/michaelgraham/apps/crispy/app/jobs/application_job.rb": [
        0,
        0
      ]
    },
    "timestamp": 1532025804
  }
}
